10378
10378
10378
10161
10625
10601
10601
10046
10046
10046
10046
10046
10148
10148
10092
10148
10233
10233
10233
10233
10172
10329
10417
10417
10294
10294
10294
10294
10157
10157
10157
10157
10725
10725
10268
10268
10725
10725
10725
10725
10909
10066
10066
10066
10139
10139
10139
10523
10523
10400
10400
10400
10400
10400
10400
10400
10130
10130
10089
10016
10016
10016
10016
10089
10089
10124
10124
10124
10124
10124
10124
10124
10124
10128
10128
10128
10128
10128
10128
10128
10128
10130
10130
10032
10032
10032
10032
10133
10133
10133
10144
10144
10193
10193
10049
10038
10049
10049
10049
10049
10081
10081
10081
10081
10081
10200
10122
10122
10051
10051
10051
10051
10051
10051
10051
10051
10051
10051
10122
10122
10122
10201
10201
10201
10201
10201
10201
10205
10265
10265
10265
10108
10108
10099
10076
10076
10076
10076
10076
10076
10076
10076
10108
10108
10108
10186
10204
10288
10288
10288
10288
10288
10118
10118
10118
10118
10293
10293
10293
10293
10293
10293
10293
10293
10055
10039
10039
10037
10037
10037
10037
10037
10039
10039
10039
10047
10047
10047
10047
10047
10047
10054
231
487
487
487
487
73
73
73
58
58
58
58
58
58
58
58
58
58
73
73
73
73
73
73
73
73
73
73
73
89
74
74
74
89
89
89
89
89
89
89
89
89
109
109
110
149
149
149
149
149
149
149
149
149
149
149
149
149
149
149
149
149
149
149
149
149
149
149
149
149
149
149
149
188
188
188
188
188
188
188
47
128
128
188
195
195
193
193
193
193
166
166
166
166
166
166
166
166
217
217
217
244
244
258
181
181
181
181
258
263
263
263
263
235
235
235
235
235
235
235
235
264
279
279
285
285
285
285
285
196
303
303
303
303
303
309
106
106
306
306
306
104
297
52
52
52
52
52
306
306
306
309
309
17
17
17
17
17
17
17
314
324
241
272
272
49
49
49
49
49
49
23
23
23
23
23
23
23
23
23
23
23
49
49
49
49
49
49
49
49
21
21
21
21
